【写入日志的时间】
2026-02-28 22:59:05
【所在模块】
Class2-GruadWhile
【自定义信息】
try块包含整个GruadWhile函数。
若异常是多层嵌套的，则从最外层开始显示，此为第0层
【Exception.Data】
【Exception.GetType】
DirectoryNotFoundException
【Exception.HelpLink】

【Exception.Message】
未能找到路径“C:\Users\zzs\Desktop\BPLLQ\正在开发的新版本\霸屏浏览器\guard\AWriting20260228225905”的一部分。
【Exception.Source】
mscorlib
【Exception.StackTrace】
   在 System.IO.__Error.WinIOError(Int32 errorCode, String maybeFullPath)
   在 System.IO.FileStream.Init(String path, FileMode mode, FileAccess access, Int32 rights, Boolean useRights, FileShare share, Int32 bufferSize, FileOptions options, SECURITY_ATTRIBUTES secAttrs, String msgPath, Boolean bFromProxy, Boolean useLongPath, Boolean checkHost)
   在 System.IO.FileStream..ctor(String path, FileMode mode, FileAccess access, FileShare share, Int32 bufferSize, FileOptions options, String msgPath, Boolean bFromProxy, Boolean useLongPath, Boolean checkHost)
   在 System.IO.StreamWriter.CreateFile(String path, Boolean append, Boolean checkHost)
   在 System.IO.StreamWriter..ctor(String path, Boolean append, Encoding encoding, Int32 bufferSize, Boolean checkHost)
   在 System.IO.File.InternalWriteAllText(String path, String contents, Encoding encoding, Boolean checkHost)
   在 System.IO.File.WriteAllText(String path, String contents, Encoding encoding)
   在 cs_fxb_win_hook.Class2.ByGruad(String thisGuardPath, String tim)
   在 cs_fxb_win_hook.Class2.GruadWhile()
【Exception.TargetSite】
Void WinIOError(Int32, System.String)
